<?xml version="1.0" encoding="UTF-8"?>
<testng-results skipped="0" failed="0" total="1" passed="1">
  <reporter-output>
  </reporter-output>
  <suite name="Default suite" duration-ms="3746" started-at="2018-10-14T15:01:27Z" finished-at="2018-10-14T15:01:31Z">
    <groups>
    </groups>
    <test name="Default test" duration-ms="3746" started-at="2018-10-14T15:01:27Z" finished-at="2018-10-14T15:01:31Z">
      <class name="com.qa.tests.PostAPITest">
        <test-method status="PASS" signature="setUp()[pri:0, instance:com.qa.tests.PostAPITest@5dfcfece]" name="setUp" is-config="true" duration-ms="10" started-at="2018-10-14T20:31:27Z" finished-at="2018-10-14T20:31:27Z">
          <reporter-output>
          </reporter-output>
        </test-method> <!-- setUp -->
        <test-method status="PASS" signature="postAPITest()[pri:0, instance:com.qa.tests.PostAPITest@5dfcfece]" name="postAPITest" duration-ms="3706" started-at="2018-10-14T20:31:27Z" finished-at="2018-10-14T20:31:31Z">
          <reporter-output>
          </reporter-output>
        </test-method> <!-- postAPITest -->
      </class> <!-- com.qa.tests.PostAPITest -->
    </test> <!-- Default test -->
  </suite> <!-- Default suite -->
</testng-results>
