<?xml version="1.0" encoding="UTF-8"?>
<testng-results skipped="0" failed="0" total="1" passed="1">
  <reporter-output>
  </reporter-output>
  <suite name="Default suite" duration-ms="709600" started-at="2018-10-09T07:51:18Z" finished-at="2018-10-09T08:03:07Z">
    <groups>
    </groups>
    <test name="Default test" duration-ms="709600" started-at="2018-10-09T07:51:18Z" finished-at="2018-10-09T08:03:07Z">
      <class name="com.qa.tests.GetAPITest">
        <test-method status="PASS" signature="setUp()[pri:0, instance:com.qa.tests.GetAPITest@78e117e3]" name="setUp" is-config="true" duration-ms="13" started-at="2018-10-09T13:21:18Z" finished-at="2018-10-09T13:21:18Z">
          <reporter-output>
          </reporter-output>
        </test-method> <!-- setUp -->
        <test-method status="PASS" signature="getAPITest()[pri:0, instance:com.qa.tests.GetAPITest@78e117e3]" name="getAPITest" duration-ms="709554" started-at="2018-10-09T13:21:18Z" finished-at="2018-10-09T13:33:07Z">
          <reporter-output>
          </reporter-output>
        </test-method> <!-- getAPITest -->
      </class> <!-- com.qa.tests.GetAPITest -->
    </test> <!-- Default test -->
  </suite> <!-- Default suite -->
</testng-results>
